[debug] [2022-09-23T22:30:09.109Z] ----------------------------------------------------------------------
[debug] [2022-09-23T22:30:09.112Z] Command:       /Users/andytamayo/.nvm/versions/node/v16.13.0/bin/node /Users/andytamayo/.nvm/versions/node/v16.13.0/bin/firebase deploy
[debug] [2022-09-23T22:30:09.112Z] CLI Version:   11.9.0
[debug] [2022-09-23T22:30:09.113Z] Platform:      darwin
[debug] [2022-09-23T22:30:09.113Z] Node Version:  v16.13.0
[debug] [2022-09-23T22:30:09.115Z] Time:          Fri Sep 23 2022 16:30:09 GMT-0600 (hora estándar central)
[debug] [2022-09-23T22:30:09.115Z] ----------------------------------------------------------------------
[debug] 
[debug] [2022-09-23T22:30:09.200Z] > command requires scopes: ["email","openid","https://www.googleapis.com/auth/cloudplatformprojects.readonly","https://www.googleapis.com/auth/firebase","https://www.googleapis.com/auth/cloud-platform"]
[debug] [2022-09-23T22:30:09.200Z] > authorizing via signed-in user (andrestamaur@gmail.com)
[debug] [2022-09-23T22:30:09.201Z] [iam] checking project clubhumanista-bc796 for permissions ["firebase.projects.get","firebasehosting.sites.update"]
[debug] [2022-09-23T22:30:09.204Z] >>> [apiv2][query] POST https://cloudresourcemanager.googleapis.com/v1/projects/clubhumanista-bc796:testIamPermissions [none]
[debug] [2022-09-23T22:30:09.205Z] >>> [apiv2][(partial)header] POST https://cloudresourcemanager.googleapis.com/v1/projects/clubhumanista-bc796:testIamPermissions x-goog-quota-user=projects/clubhumanista-bc796
[debug] [2022-09-23T22:30:09.205Z] >>> [apiv2][body] POST https://cloudresourcemanager.googleapis.com/v1/projects/clubhumanista-bc796:testIamPermissions {"permissions":["firebase.projects.get","firebasehosting.sites.update"]}
[debug] [2022-09-23T22:30:09.614Z] <<< [apiv2][status] POST https://cloudresourcemanager.googleapis.com/v1/projects/clubhumanista-bc796:testIamPermissions 200
[debug] [2022-09-23T22:30:09.614Z] <<< [apiv2][body] POST https://cloudresourcemanager.googleapis.com/v1/projects/clubhumanista-bc796:testIamPermissions {"permissions":["firebase.projects.get","firebasehosting.sites.update"]}
[debug] [2022-09-23T22:30:09.616Z] >>> [apiv2][query] GET https://firebase.googleapis.com/v1beta1/projects/clubhumanista-bc796 [none]
[debug] [2022-09-23T22:30:10.115Z] <<< [apiv2][status] GET https://firebase.googleapis.com/v1beta1/projects/clubhumanista-bc796 200
[debug] [2022-09-23T22:30:10.116Z] <<< [apiv2][body] GET https://firebase.googleapis.com/v1beta1/projects/clubhumanista-bc796 {"projectId":"clubhumanista-bc796","projectNumber":"338387722320","displayName":"clubhumanista","name":"projects/clubhumanista-bc796","resources":{"hostingSite":"clubhumanista-bc796","storageBucket":"clubhumanista-bc796.appspot.com","locationId":"us-central"},"state":"ACTIVE","etag":"1_f3e46430-c1ee-4189-a47b-3258dc903bf9"}
[info] 
[info] === Deploying to 'clubhumanista-bc796'...
[info] 
[info] i  deploying hosting 
[debug] [2022-09-23T22:30:10.118Z] >>> [apiv2][query] GET https://firebase.googleapis.com/v1beta1/projects/clubhumanista-bc796 [none]
[debug] [2022-09-23T22:30:10.436Z] <<< [apiv2][status] GET https://firebase.googleapis.com/v1beta1/projects/clubhumanista-bc796 200
[debug] [2022-09-23T22:30:10.437Z] <<< [apiv2][body] GET https://firebase.googleapis.com/v1beta1/projects/clubhumanista-bc796 {"projectId":"clubhumanista-bc796","projectNumber":"338387722320","displayName":"clubhumanista","name":"projects/clubhumanista-bc796","resources":{"hostingSite":"clubhumanista-bc796","storageBucket":"clubhumanista-bc796.appspot.com","locationId":"us-central"},"state":"ACTIVE","etag":"1_f3e46430-c1ee-4189-a47b-3258dc903bf9"}
[debug] [2022-09-23T22:30:10.439Z] >>> [apiv2][query] POST https://firebasehosting.googleapis.com/v1beta1/projects/338387722320/sites/clubhumanista-bc796/versions [none]
[debug] [2022-09-23T22:30:10.440Z] >>> [apiv2][body] POST https://firebasehosting.googleapis.com/v1beta1/projects/338387722320/sites/clubhumanista-bc796/versions {"config":{"rewrites":[{"glob":"**","path":"/index.html"}]},"labels":{"deployment-tool":"cli-firebase"}}
[debug] [2022-09-23T22:30:11.466Z] <<< [apiv2][status] POST https://firebasehosting.googleapis.com/v1beta1/projects/338387722320/sites/clubhumanista-bc796/versions 200
[debug] [2022-09-23T22:30:11.466Z] <<< [apiv2][body] POST https://firebasehosting.googleapis.com/v1beta1/projects/338387722320/sites/clubhumanista-bc796/versions {"name":"projects/338387722320/sites/clubhumanista-bc796/versions/10f314f9bfe8f4bc","status":"CREATED","config":{"rewrites":[{"glob":"**","path":"/index.html"}]},"labels":{"deployment-tool":"cli-firebase"}}
[info] i  hosting[clubhumanista-bc796]: beginning deploy... 
[info] i  hosting[clubhumanista-bc796]: found 25 files in dist 
[debug] [2022-09-23T22:30:11.493Z] [hosting] uploading with 200 concurrency
[debug] [2022-09-23T22:30:11.506Z] [hosting] hash cache [ZGlzdA] stored for 25 files
[debug] [2022-09-23T22:30:11.506Z] [hosting][hash queue][FINAL] {"max":3,"min":1,"avg":1,"active":0,"complete":25,"success":25,"errored":0,"retried":0,"total":25,"elapsed":6}
[debug] [2022-09-23T22:30:11.507Z] >>> [apiv2][query] POST https://firebasehosting.googleapis.com/v1beta1/projects/338387722320/sites/clubhumanista-bc796/versions/10f314f9bfe8f4bc:populateFiles [none]
[debug] [2022-09-23T22:30:11.507Z] >>> [apiv2][body] POST https://firebasehosting.googleapis.com/v1beta1/projects/338387722320/sites/clubhumanista-bc796/versions/10f314f9bfe8f4bc:populateFiles {"files":{"/404.html":"05cbc6f94d7a69ce2e29646eab13be2c884e61ba93e3094df5028866876d18b3","/index.html":"37c1cbcc13e51105690e3e6fe5e34ce9320789847350ba602e22515fb5fe4d34","/curriculum/3rdpartylicenses.txt":"94ead7b6eb5945d3b73e46e35e442506a622ece2f33609fafa4a376fa94f8801","/curriculum/favicon.ico":"a2aee5309d0b59b9b66384ccc3969a07fab1b320d0bf76f1b25047a051d7f774","/curriculum/index.html":"058ad604b87c61f3389797a8ff74f23b238b8466fbf15ab1f5d951d6afffe0a0","/curriculum/main.6d6c69c368021b2f.js":"8f608b2623a3db0d660b706a93a0ece7e018d66bb3e2ed06f989cb3926e00eb2","/curriculum/polyfills.651a68052217670b.js":"c6cf6c1b37bfc5f37a7973ca47b6f4defc6db4b1c0f888d0937c55200820e29d","/curriculum/runtime.6c39f0d9274ea3b9.js":"55de61c365b20277009404771375935c9bd284e82750719f8d68a0910ea48f10","/curriculum/styles.d7e2c6043d83b256.css":"17fcf5af641490f326f08c49dfa668337f103aad7317da168303d887dd411022","/curriculum/assets/images/IMG6860 3.png":"a12eb1445a6c53434a20c65c197d5a8541a48d4ad8e9bc14cb416850958622f1","/curriculum/assets/images/artesanal.jpeg":"09eb68790d079047b8d9b9a4840e94e7801dd06f644cd0ff287e62574838d865","/curriculum/assets/images/camping.jpeg":"a56ff86bcd5092b384ab5f27519b4733bcb05bdcf9cf6eb55bc963e5b280ec4d","/curriculum/assets/images/cowork.jpeg":"10d50cc1a46ff548d2568bca3dac4dfa387475d41761d92c5a4acf236df0d3ee","/curriculum/assets/images/dancing.jpeg":"13ad63d743d03c01778d9a66381868044af46260e971d06b92073cfb76f4b0fb","/curriculum/assets/images/foraging.jpeg":"7abc1fb19f7621e71cceecb8a1fe80bc998153b3cceca0ef36017054ddf09a06","/curriculum/assets/images/hiking.jpeg":"9b37a6e92e57449abdae2dc2bca4adfee005b878241b32c133866f7b9443075a","/curriculum/assets/images/leer.jpeg":"e8dcddbf59b961b104555a649e5e8f73dfdef2a9e4afaaebbf5e119eff8610ec","/curriculum/assets/images/martial.jpeg":"b4b35e7f6e3b0a905bd0a12291c92ee111f1f94cb67fd9acc65dd15005ca080c","/curriculum/assets/images/miembro.jpeg":"c8ea8181991126ca7a57216e7340f58b4aa20c0f1b5752233f10925184c40fa4","/curriculum/assets/images/music.jpeg":"05c4a4e447eeb302da779ed905d8ee9c6bd827a5397f39df38d4bb0fced6306e","/curriculum/assets/images/planting.jpeg":"f852eaebc1e914cd6e2356081491ce20083c12f8a026b1b7eae8493e594ce4f3","/curriculum/assets/images/playa.jpeg":"08a0d09d1333d519ba80a9679bf0cfdd58bdbe5f3243cbde97f53789870c4277","/curriculum/assets/images/running.jpeg":"a65ed36218382e881666d62424895dd1989309a4cb80f4426037b6f2d2e1c7f9","/curriculum/assets/images/voluntario.jpeg":"b1faf9cb3a2afb20b3cee18d4e514aea1a751bd0fa37bc34ec6f03db6c22c5a2","/curriculum/assets/images/yoga.jpeg":"077608c1f35684e5abf4fc502f0108f00c3c1529fadfba6337766901ae69f4da"}}
[debug] [2022-09-23T22:30:12.173Z] <<< [apiv2][status] POST https://firebasehosting.googleapis.com/v1beta1/projects/338387722320/sites/clubhumanista-bc796/versions/10f314f9bfe8f4bc:populateFiles 200
[debug] [2022-09-23T22:30:12.173Z] <<< [apiv2][body] POST https://firebasehosting.googleapis.com/v1beta1/projects/338387722320/sites/clubhumanista-bc796/versions/10f314f9bfe8f4bc:populateFiles {"uploadRequiredHashes":["f852eaebc1e914cd6e2356081491ce20083c12f8a026b1b7eae8493e594ce4f3","9b37a6e92e57449abdae2dc2bca4adfee005b878241b32c133866f7b9443075a","a65ed36218382e881666d62424895dd1989309a4cb80f4426037b6f2d2e1c7f9","b4b35e7f6e3b0a905bd0a12291c92ee111f1f94cb67fd9acc65dd15005ca080c","05c4a4e447eeb302da779ed905d8ee9c6bd827a5397f39df38d4bb0fced6306e","10d50cc1a46ff548d2568bca3dac4dfa387475d41761d92c5a4acf236df0d3ee","7abc1fb19f7621e71cceecb8a1fe80bc998153b3cceca0ef36017054ddf09a06","a56ff86bcd5092b384ab5f27519b4733bcb05bdcf9cf6eb55bc963e5b280ec4d","09eb68790d079047b8d9b9a4840e94e7801dd06f644cd0ff287e62574838d865","b1faf9cb3a2afb20b3cee18d4e514aea1a751bd0fa37bc34ec6f03db6c22c5a2","c8ea8181991126ca7a57216e7340f58b4aa20c0f1b5752233f10925184c40fa4","13ad63d743d03c01778d9a66381868044af46260e971d06b92073cfb76f4b0fb","077608c1f35684e5abf4fc502f0108f00c3c1529fadfba6337766901ae69f4da","e8dcddbf59b961b104555a649e5e8f73dfdef2a9e4afaaebbf5e119eff8610ec","08a0d09d1333d519ba80a9679bf0cfdd58bdbe5f3243cbde97f53789870c4277"],"uploadUrl":"https://upload-firebasehosting.googleapis.com/upload/sites/clubhumanista-bc796/versions/10f314f9bfe8f4bc/files"}
[debug] [2022-09-23T22:30:12.180Z] >>> [apiv2][query] POST https://upload-firebasehosting.googleapis.com/upload/sites/clubhumanista-bc796/versions/10f314f9bfe8f4bc/files/f852eaebc1e914cd6e2356081491ce20083c12f8a026b1b7eae8493e594ce4f3 [none]
[debug] [2022-09-23T22:30:12.180Z] >>> [apiv2][body] POST https://upload-firebasehosting.googleapis.com/upload/sites/clubhumanista-bc796/versions/10f314f9bfe8f4bc/files/f852eaebc1e914cd6e2356081491ce20083c12f8a026b1b7eae8493e594ce4f3 [stream]
[debug] [2022-09-23T22:30:12.181Z] >>> [apiv2][query] POST https://upload-firebasehosting.googleapis.com/upload/sites/clubhumanista-bc796/versions/10f314f9bfe8f4bc/files/9b37a6e92e57449abdae2dc2bca4adfee005b878241b32c133866f7b9443075a [none]
[debug] [2022-09-23T22:30:12.181Z] >>> [apiv2][body] POST https://upload-firebasehosting.googleapis.com/upload/sites/clubhumanista-bc796/versions/10f314f9bfe8f4bc/files/9b37a6e92e57449abdae2dc2bca4adfee005b878241b32c133866f7b9443075a [stream]
[debug] [2022-09-23T22:30:12.182Z] >>> [apiv2][query] POST https://upload-firebasehosting.googleapis.com/upload/sites/clubhumanista-bc796/versions/10f314f9bfe8f4bc/files/a65ed36218382e881666d62424895dd1989309a4cb80f4426037b6f2d2e1c7f9 [none]
[debug] [2022-09-23T22:30:12.183Z] >>> [apiv2][body] POST https://upload-firebasehosting.googleapis.com/upload/sites/clubhumanista-bc796/versions/10f314f9bfe8f4bc/files/a65ed36218382e881666d62424895dd1989309a4cb80f4426037b6f2d2e1c7f9 [stream]
[debug] [2022-09-23T22:30:12.184Z] >>> [apiv2][query] POST https://upload-firebasehosting.googleapis.com/upload/sites/clubhumanista-bc796/versions/10f314f9bfe8f4bc/files/b4b35e7f6e3b0a905bd0a12291c92ee111f1f94cb67fd9acc65dd15005ca080c [none]
[debug] [2022-09-23T22:30:12.184Z] >>> [apiv2][body] POST https://upload-firebasehosting.googleapis.com/upload/sites/clubhumanista-bc796/versions/10f314f9bfe8f4bc/files/b4b35e7f6e3b0a905bd0a12291c92ee111f1f94cb67fd9acc65dd15005ca080c [stream]
[debug] [2022-09-23T22:30:12.185Z] >>> [apiv2][query] POST https://upload-firebasehosting.googleapis.com/upload/sites/clubhumanista-bc796/versions/10f314f9bfe8f4bc/files/05c4a4e447eeb302da779ed905d8ee9c6bd827a5397f39df38d4bb0fced6306e [none]
[debug] [2022-09-23T22:30:12.185Z] >>> [apiv2][body] POST https://upload-firebasehosting.googleapis.com/upload/sites/clubhumanista-bc796/versions/10f314f9bfe8f4bc/files/05c4a4e447eeb302da779ed905d8ee9c6bd827a5397f39df38d4bb0fced6306e [stream]
[debug] [2022-09-23T22:30:12.187Z] >>> [apiv2][query] POST https://upload-firebasehosting.googleapis.com/upload/sites/clubhumanista-bc796/versions/10f314f9bfe8f4bc/files/10d50cc1a46ff548d2568bca3dac4dfa387475d41761d92c5a4acf236df0d3ee [none]
[debug] [2022-09-23T22:30:12.187Z] >>> [apiv2][body] POST https://upload-firebasehosting.googleapis.com/upload/sites/clubhumanista-bc796/versions/10f314f9bfe8f4bc/files/10d50cc1a46ff548d2568bca3dac4dfa387475d41761d92c5a4acf236df0d3ee [stream]
[debug] [2022-09-23T22:30:12.188Z] >>> [apiv2][query] POST https://upload-firebasehosting.googleapis.com/upload/sites/clubhumanista-bc796/versions/10f314f9bfe8f4bc/files/7abc1fb19f7621e71cceecb8a1fe80bc998153b3cceca0ef36017054ddf09a06 [none]
[debug] [2022-09-23T22:30:12.188Z] >>> [apiv2][body] POST https://upload-firebasehosting.googleapis.com/upload/sites/clubhumanista-bc796/versions/10f314f9bfe8f4bc/files/7abc1fb19f7621e71cceecb8a1fe80bc998153b3cceca0ef36017054ddf09a06 [stream]
[debug] [2022-09-23T22:30:12.190Z] >>> [apiv2][query] POST https://upload-firebasehosting.googleapis.com/upload/sites/clubhumanista-bc796/versions/10f314f9bfe8f4bc/files/a56ff86bcd5092b384ab5f27519b4733bcb05bdcf9cf6eb55bc963e5b280ec4d [none]
[debug] [2022-09-23T22:30:12.190Z] >>> [apiv2][body] POST https://upload-firebasehosting.googleapis.com/upload/sites/clubhumanista-bc796/versions/10f314f9bfe8f4bc/files/a56ff86bcd5092b384ab5f27519b4733bcb05bdcf9cf6eb55bc963e5b280ec4d [stream]
[debug] [2022-09-23T22:30:12.192Z] >>> [apiv2][query] POST https://upload-firebasehosting.googleapis.com/upload/sites/clubhumanista-bc796/versions/10f314f9bfe8f4bc/files/09eb68790d079047b8d9b9a4840e94e7801dd06f644cd0ff287e62574838d865 [none]
[debug] [2022-09-23T22:30:12.192Z] >>> [apiv2][body] POST https://upload-firebasehosting.googleapis.com/upload/sites/clubhumanista-bc796/versions/10f314f9bfe8f4bc/files/09eb68790d079047b8d9b9a4840e94e7801dd06f644cd0ff287e62574838d865 [stream]
[debug] [2022-09-23T22:30:12.193Z] >>> [apiv2][query] POST https://upload-firebasehosting.googleapis.com/upload/sites/clubhumanista-bc796/versions/10f314f9bfe8f4bc/files/b1faf9cb3a2afb20b3cee18d4e514aea1a751bd0fa37bc34ec6f03db6c22c5a2 [none]
[debug] [2022-09-23T22:30:12.193Z] >>> [apiv2][body] POST https://upload-firebasehosting.googleapis.com/upload/sites/clubhumanista-bc796/versions/10f314f9bfe8f4bc/files/b1faf9cb3a2afb20b3cee18d4e514aea1a751bd0fa37bc34ec6f03db6c22c5a2 [stream]
[debug] [2022-09-23T22:30:12.194Z] >>> [apiv2][query] POST https://upload-firebasehosting.googleapis.com/upload/sites/clubhumanista-bc796/versions/10f314f9bfe8f4bc/files/c8ea8181991126ca7a57216e7340f58b4aa20c0f1b5752233f10925184c40fa4 [none]
[debug] [2022-09-23T22:30:12.194Z] >>> [apiv2][body] POST https://upload-firebasehosting.googleapis.com/upload/sites/clubhumanista-bc796/versions/10f314f9bfe8f4bc/files/c8ea8181991126ca7a57216e7340f58b4aa20c0f1b5752233f10925184c40fa4 [stream]
[debug] [2022-09-23T22:30:12.195Z] >>> [apiv2][query] POST https://upload-firebasehosting.googleapis.com/upload/sites/clubhumanista-bc796/versions/10f314f9bfe8f4bc/files/13ad63d743d03c01778d9a66381868044af46260e971d06b92073cfb76f4b0fb [none]
[debug] [2022-09-23T22:30:12.195Z] >>> [apiv2][body] POST https://upload-firebasehosting.googleapis.com/upload/sites/clubhumanista-bc796/versions/10f314f9bfe8f4bc/files/13ad63d743d03c01778d9a66381868044af46260e971d06b92073cfb76f4b0fb [stream]
[debug] [2022-09-23T22:30:12.199Z] >>> [apiv2][query] POST https://upload-firebasehosting.googleapis.com/upload/sites/clubhumanista-bc796/versions/10f314f9bfe8f4bc/files/077608c1f35684e5abf4fc502f0108f00c3c1529fadfba6337766901ae69f4da [none]
[debug] [2022-09-23T22:30:12.199Z] >>> [apiv2][body] POST https://upload-firebasehosting.googleapis.com/upload/sites/clubhumanista-bc796/versions/10f314f9bfe8f4bc/files/077608c1f35684e5abf4fc502f0108f00c3c1529fadfba6337766901ae69f4da [stream]
[debug] [2022-09-23T22:30:12.200Z] >>> [apiv2][query] POST https://upload-firebasehosting.googleapis.com/upload/sites/clubhumanista-bc796/versions/10f314f9bfe8f4bc/files/e8dcddbf59b961b104555a649e5e8f73dfdef2a9e4afaaebbf5e119eff8610ec [none]
[debug] [2022-09-23T22:30:12.200Z] >>> [apiv2][body] POST https://upload-firebasehosting.googleapis.com/upload/sites/clubhumanista-bc796/versions/10f314f9bfe8f4bc/files/e8dcddbf59b961b104555a649e5e8f73dfdef2a9e4afaaebbf5e119eff8610ec [stream]
[debug] [2022-09-23T22:30:12.201Z] >>> [apiv2][query] POST https://upload-firebasehosting.googleapis.com/upload/sites/clubhumanista-bc796/versions/10f314f9bfe8f4bc/files/08a0d09d1333d519ba80a9679bf0cfdd58bdbe5f3243cbde97f53789870c4277 [none]
[debug] [2022-09-23T22:30:12.202Z] >>> [apiv2][body] POST https://upload-firebasehosting.googleapis.com/upload/sites/clubhumanista-bc796/versions/10f314f9bfe8f4bc/files/08a0d09d1333d519ba80a9679bf0cfdd58bdbe5f3243cbde97f53789870c4277 [stream]
[debug] [2022-09-23T22:30:12.203Z] [hosting][populate queue][FINAL] {"max":675,"min":675,"avg":675,"active":0,"complete":1,"success":1,"errored":0,"retried":0,"total":1,"elapsed":699}
[debug] [2022-09-23T22:30:12.203Z] [hosting] uploads queued: 15
